[2026-02-14T12:25:33.653Z] 20def667-8942-43c9-89f4-fb02a1d00b19 {"allowed":false,"reason":"Empty message payload","timestamp":"2026-02-14T12:25:33.653Z","trace_id":"20def667-8942-43c9-89f4-fb02a1d00b19"}
[2026-02-14T12:25:33.664Z] 25ada8f8-6369-4f61-871d-ff57535f28bb {"allowed":false,"reason":"Malformed request: missing 'message' string property","timestamp":"2026-02-14T12:25:33.664Z","trace_id":"25ada8f8-6369-4f61-871d-ff57535f28bb"}
[2026-02-14T12:25:33.670Z] 683d4cf2-33f3-44a7-8c77-be325e57a667 {"allowed":false,"reason":"Unsafe tokens detected in payload","timestamp":"2026-02-14T12:25:33.670Z","trace_id":"683d4cf2-33f3-44a7-8c77-be325e57a667"}
[2026-02-14T12:25:33.695Z] eeb86bd3-81ad-45aa-9060-2f4dabc81fd2 {"allowed":true,"reason":null,"timestamp":"2026-02-14T12:25:33.695Z","trace_id":"eeb86bd3-81ad-45aa-9060-2f4dabc81fd2"}
[2026-02-14T12:25:33.702Z] 310b6299-6d0d-4b11-a120-9c688a9e03f0 {"allowed":true,"reason":null,"timestamp":"2026-02-14T12:25:33.702Z","trace_id":"310b6299-6d0d-4b11-a120-9c688a9e03f0"}
[2026-02-14T12:27:58.840Z] 6e8169b2-79bb-4e34-8fb8-b13e38f5f2f2 {"allowed":false,"reason":"Empty message payload","timestamp":"2026-02-14T12:27:58.840Z","trace_id":"6e8169b2-79bb-4e34-8fb8-b13e38f5f2f2"}
[2026-02-14T12:27:58.854Z] 655b6ccc-dfa5-4937-a40e-bd67f585b3e2 {"allowed":false,"reason":"Malformed request: missing 'message' string property","timestamp":"2026-02-14T12:27:58.854Z","trace_id":"655b6ccc-dfa5-4937-a40e-bd67f585b3e2"}
[2026-02-14T12:27:58.862Z] 6182650c-3555-4b14-8ea1-e50a742399e8 {"allowed":false,"reason":"Unsafe tokens detected in payload","timestamp":"2026-02-14T12:27:58.862Z","trace_id":"6182650c-3555-4b14-8ea1-e50a742399e8"}
[2026-02-14T12:27:58.896Z] 2c64b958-fd29-4803-a315-bf9e2fa1495e {"allowed":true,"reason":null,"timestamp":"2026-02-14T12:27:58.896Z","trace_id":"2c64b958-fd29-4803-a315-bf9e2fa1495e"}
[2026-02-14T12:27:58.904Z] 5113220c-3275-4c9a-bb2f-98a292dddd81 {"allowed":true,"reason":null,"timestamp":"2026-02-14T12:27:58.904Z","trace_id":"5113220c-3275-4c9a-bb2f-98a292dddd81"}
[2026-02-14T12:29:06.263Z] 054d1459-71b8-4f38-8e16-9993360af03a {"allowed":false,"reason":"Empty message payload","timestamp":"2026-02-14T12:29:06.263Z","trace_id":"054d1459-71b8-4f38-8e16-9993360af03a"}
[2026-02-14T12:29:06.268Z] b82cdff2-4375-4c5e-b079-c82f29a41470 {"allowed":false,"reason":"Malformed request: missing 'message' string property","timestamp":"2026-02-14T12:29:06.268Z","trace_id":"b82cdff2-4375-4c5e-b079-c82f29a41470"}
[2026-02-14T12:29:06.272Z] 23df8211-46da-4ec8-b32b-933d7cbf4451 {"allowed":false,"reason":"Unsafe tokens detected in payload","timestamp":"2026-02-14T12:29:06.272Z","trace_id":"23df8211-46da-4ec8-b32b-933d7cbf4451"}
[2026-02-14T12:29:06.276Z] 5535f264-861e-4719-94a2-2cebf9f3d863 {"allowed":true,"reason":null,"timestamp":"2026-02-14T12:29:06.275Z","trace_id":"5535f264-861e-4719-94a2-2cebf9f3d863"}
[2026-02-14T12:33:18.194Z] 55f7d8ca-cf9a-464d-933b-0a74d2833164 {"allowed":false,"reason":"Empty message payload","timestamp":"2026-02-14T12:33:18.194Z","trace_id":"55f7d8ca-cf9a-464d-933b-0a74d2833164"}
[2026-02-14T12:33:18.207Z] 75f557ee-06be-4be8-a30d-b8d18f3f4692 {"allowed":false,"reason":"Malformed request: missing 'message' string property","timestamp":"2026-02-14T12:33:18.207Z","trace_id":"75f557ee-06be-4be8-a30d-b8d18f3f4692"}
[2026-02-14T12:33:18.218Z] bc06eae1-6380-421b-aced-c003117e5681 {"allowed":false,"reason":"Unsafe tokens detected in payload","timestamp":"2026-02-14T12:33:18.217Z","trace_id":"bc06eae1-6380-421b-aced-c003117e5681"}
[2026-02-14T12:33:18.257Z] d2b7bc42-544d-40d7-a70e-5f838af9bba9 {"allowed":true,"reason":null,"timestamp":"2026-02-14T12:33:18.257Z","trace_id":"d2b7bc42-544d-40d7-a70e-5f838af9bba9"}
[2026-02-14T12:33:18.268Z] 33a7b733-9948-4bfe-9f81-559995fa74a1 {"allowed":true,"reason":null,"timestamp":"2026-02-14T12:33:18.268Z","trace_id":"33a7b733-9948-4bfe-9f81-559995fa74a1"}
[2026-02-14T14:16:10.715Z] 1c4687d4-a11c-461b-a85c-cf61fe33bfbe {"allowed":true,"reason":null,"timestamp":"2026-02-14T14:16:10.715Z","trace_id":"1c4687d4-a11c-461b-a85c-cf61fe33bfbe"}
[2026-02-14T14:16:37.730Z] af557450-554f-4f5e-901c-470a802fc2e6 {"allowed":false,"reason":"Malformed request: missing 'message' string property","timestamp":"2026-02-14T14:16:37.730Z","trace_id":"af557450-554f-4f5e-901c-470a802fc2e6"}
[2026-02-14T14:17:25.262Z] c7a95ec1-b51d-491e-b81c-1b7e39b98203 {"allowed":true,"reason":null,"timestamp":"2026-02-14T14:17:25.262Z","trace_id":"c7a95ec1-b51d-491e-b81c-1b7e39b98203"}
[2026-02-14T14:19:34.502Z] 90579609-2047-4478-9472-b00b705631e3 {"allowed":false,"reason":"Malformed request: missing 'message' string property","timestamp":"2026-02-14T14:19:34.502Z","trace_id":"90579609-2047-4478-9472-b00b705631e3"}
[2026-02-14T14:21:18.742Z] cce723a3-3679-4979-9fd2-dbb602ffabf7 {"allowed":false,"reason":"Malformed request: missing 'message' string property","timestamp":"2026-02-14T14:21:18.742Z","trace_id":"cce723a3-3679-4979-9fd2-dbb602ffabf7"}
[2026-02-14T14:27:11.287Z] f908a85c-df39-4024-840c-03afe0eb31b1 {"allowed":false,"reason":"Empty message payload","timestamp":"2026-02-14T14:27:11.286Z","trace_id":"f908a85c-df39-4024-840c-03afe0eb31b1"}
[2026-02-14T14:27:11.304Z] 03063f51-ba37-4d45-ada0-9b091fe0cf99 {"allowed":false,"reason":"Malformed request: missing 'message' string property","timestamp":"2026-02-14T14:27:11.304Z","trace_id":"03063f51-ba37-4d45-ada0-9b091fe0cf99"}
[2026-02-14T14:27:11.311Z] 25fd5479-775a-482d-be54-5a55db55b5fb {"allowed":false,"reason":"Unsafe tokens detected in payload","timestamp":"2026-02-14T14:27:11.310Z","trace_id":"25fd5479-775a-482d-be54-5a55db55b5fb"}
[2026-02-14T14:27:11.346Z] 37b70f5d-1092-40aa-93ae-a5238b14ce2b {"allowed":true,"reason":null,"timestamp":"2026-02-14T14:27:11.346Z","trace_id":"37b70f5d-1092-40aa-93ae-a5238b14ce2b"}
[2026-02-14T14:27:11.354Z] 4ea3d6e3-e94a-4ff1-891d-9242af52c902 {"allowed":true,"reason":null,"timestamp":"2026-02-14T14:27:11.354Z","trace_id":"4ea3d6e3-e94a-4ff1-891d-9242af52c902"}
[2026-02-14T14:28:26.572Z] 40795b75-c10e-4767-8652-564c1fc66a94 {"allowed":true,"reason":null,"timestamp":"2026-02-14T14:28:26.572Z","trace_id":"40795b75-c10e-4767-8652-564c1fc66a94"}
[2026-02-14T14:28:43.580Z] 4951dddc-11f8-4b76-b878-545953b682af {"allowed":false,"reason":"Malformed request: missing 'message' string property","timestamp":"2026-02-14T14:28:43.580Z","trace_id":"4951dddc-11f8-4b76-b878-545953b682af"}
[2026-02-14T14:46:02.438Z] 59b74229-cbec-453a-8e83-0931fa41b7d0 {"allowed":false,"reason":"Empty message payload","timestamp":"2026-02-14T14:46:02.438Z","trace_id":"59b74229-cbec-453a-8e83-0931fa41b7d0"}
[2026-02-14T14:46:02.463Z] 2b7f6e7c-82e5-41e8-9d6c-3cf98169819a {"allowed":false,"reason":"Malformed request: missing 'message' string property","timestamp":"2026-02-14T14:46:02.463Z","trace_id":"2b7f6e7c-82e5-41e8-9d6c-3cf98169819a"}
[2026-02-14T14:46:02.484Z] 2543bf9f-e506-4cac-a367-2920bd93f6a8 {"allowed":false,"reason":"Unsafe tokens detected in payload","timestamp":"2026-02-14T14:46:02.483Z","trace_id":"2543bf9f-e506-4cac-a367-2920bd93f6a8"}
[2026-02-14T14:46:02.542Z] 81eeb519-a81a-4e51-9abb-5f9002e129a1 {"allowed":true,"reason":null,"timestamp":"2026-02-14T14:46:02.542Z","trace_id":"81eeb519-a81a-4e51-9abb-5f9002e129a1"}
[2026-02-14T14:46:02.561Z] 96728b53-d70d-4a7a-a510-d2e477bf7a46 {"allowed":true,"reason":null,"timestamp":"2026-02-14T14:46:02.561Z","trace_id":"96728b53-d70d-4a7a-a510-d2e477bf7a46"}
[2026-02-14T14:51:49.424Z] aeec7243-30c2-46a3-a541-c395dc997ece {"allowed":true,"reason":null,"timestamp":"2026-02-14T14:51:49.424Z","trace_id":"aeec7243-30c2-46a3-a541-c395dc997ece"}
[2026-02-14T14:52:06.088Z] 516ce563-6cc2-4b9b-93d0-0711e029a156 {"allowed":false,"reason":"Malformed request: missing 'message' string property","timestamp":"2026-02-14T14:52:06.088Z","trace_id":"516ce563-6cc2-4b9b-93d0-0711e029a156"}
[2026-02-14T14:52:20.637Z] e94fd9ad-09fe-4cc8-bcd8-60107028b082 {"allowed":false,"reason":"Malformed request: missing 'message' string property","timestamp":"2026-02-14T14:52:20.637Z","trace_id":"e94fd9ad-09fe-4cc8-bcd8-60107028b082"}
[2026-02-14T14:59:43.368Z] f5b71f5b-3d04-4ba5-8955-f4cc7c8e39e5 {"allowed":false,"reason":"Empty message payload","timestamp":"2026-02-14T14:59:43.368Z","trace_id":"f5b71f5b-3d04-4ba5-8955-f4cc7c8e39e5"}
[2026-02-14T14:59:43.381Z] cc852511-3682-48a5-bee9-2aad4a1123f0 {"allowed":false,"reason":"Malformed request: missing 'message' string property","timestamp":"2026-02-14T14:59:43.381Z","trace_id":"cc852511-3682-48a5-bee9-2aad4a1123f0"}
[2026-02-14T14:59:43.396Z] 6fca7eae-ad1c-4009-8072-048e56865fd8 {"allowed":false,"reason":"Unsafe tokens detected in payload","timestamp":"2026-02-14T14:59:43.395Z","trace_id":"6fca7eae-ad1c-4009-8072-048e56865fd8"}
[2026-02-14T14:59:43.507Z] 46e3deae-fcbc-437b-a1ed-4b3116fb6323 {"allowed":true,"reason":null,"timestamp":"2026-02-14T14:59:43.507Z","trace_id":"46e3deae-fcbc-437b-a1ed-4b3116fb6323"}
[2026-02-14T14:59:43.523Z] 4bfe6f51-66c3-4cd4-9448-1e2fd0ad772d {"allowed":true,"reason":null,"timestamp":"2026-02-14T14:59:43.523Z","trace_id":"4bfe6f51-66c3-4cd4-9448-1e2fd0ad772d"}
[2026-02-14T15:02:30.386Z] 3eb13c12-2bbd-4ec9-81ca-3b98336b60ab {"allowed":true,"reason":null,"timestamp":"2026-02-14T15:02:30.386Z","trace_id":"3eb13c12-2bbd-4ec9-81ca-3b98336b60ab"}
[2026-02-14T15:02:52.999Z] 5425070c-382e-4512-9d6d-f151dac3bd02 {"allowed":false,"reason":"Malformed request: missing 'message' string property","timestamp":"2026-02-14T15:02:52.999Z","trace_id":"5425070c-382e-4512-9d6d-f151dac3bd02"}
[2026-02-14T15:50:29.836Z] 004d0d59-9713-4d8b-97dc-4fc5c0e4c3b1 {"allowed":false,"reason":"Empty message payload","timestamp":"2026-02-14T15:50:29.836Z","trace_id":"004d0d59-9713-4d8b-97dc-4fc5c0e4c3b1"}
[2026-02-14T15:50:29.850Z] dbd3f240-9e99-49c0-af49-e93171492f09 {"allowed":false,"reason":"Malformed request: missing 'message' string property","timestamp":"2026-02-14T15:50:29.850Z","trace_id":"dbd3f240-9e99-49c0-af49-e93171492f09"}
[2026-02-14T15:50:29.860Z] 7da941c3-d9ee-4f51-8e10-baef64382187 {"allowed":false,"reason":"Unsafe tokens detected in payload","timestamp":"2026-02-14T15:50:29.860Z","trace_id":"7da941c3-d9ee-4f51-8e10-baef64382187"}
[2026-02-14T15:50:29.892Z] 55cc56d6-811a-479a-bfc7-9f3caf9eed8a {"allowed":true,"reason":null,"timestamp":"2026-02-14T15:50:29.892Z","trace_id":"55cc56d6-811a-479a-bfc7-9f3caf9eed8a"}
[2026-02-14T15:50:29.899Z] 1aa6b9db-42e6-40e7-8534-6643da5f9632 {"allowed":true,"reason":null,"timestamp":"2026-02-14T15:50:29.899Z","trace_id":"1aa6b9db-42e6-40e7-8534-6643da5f9632"}
[2026-02-14T16:18:09.997Z] 925a5f52-e686-42d0-bdc5-88215902e705 {"allowed":true,"reason":null,"timestamp":"2026-02-14T16:18:09.997Z","trace_id":"925a5f52-e686-42d0-bdc5-88215902e705"}
[2026-02-14T16:18:27.589Z] 24a15616-b939-484a-8a62-aef1152d40f0 {"allowed":false,"reason":"Malformed request: missing 'message' string property","timestamp":"2026-02-14T16:18:27.589Z","trace_id":"24a15616-b939-484a-8a62-aef1152d40f0"}
